
      =====================================================================================================
      Config file ".\scully.portfolio.config.ts" not found, only rendering routes without parameters
      The config file should have a name that is formated as:
          scully.<projectName>.config.ts
      where <projectName> is the name of the project as defined in the 'angular.json' file
      If you meant to build a different project as portfolio you can use:
          --project differentProjectName as a cmd line option

      When you are in a mixed mono-repo you might need to use the --pjFirst flag.
       which will look for package.json instead of angular.json to find the 'root' of the project.
    =====================================================================================================
The option outDir isn't configured, using default folder ".\dist\static\".No routes defined in "" Deprecation Notice:
       ======================================================================
         From now on, the plugin that is being used to render a route is
         able to be changed by the user. You can do this by adding or
         enabling the plugin your scully.portfolio.config.ts
         file. For your convenience, we loaded the Puppeteer plugin for you.

         To disable this warning enable the plugin of your choice.
         for Puppeteer please add:
             import '@scullyio/scully-plugin-puppeteer';
          to your scully.portfolio.config.ts file.

          When you get this warning while not using scully-plugin-puppeteer
          you need to set the defaultRouteRenderer to the name of your plugin.
          The defaultRouteRenderer is now set to 'routeRenderer'.
       ======================================================================



(You can skip this, or any future question by using the --noPrompt flag)
Puppeteer error while rendering "/error500"
Error: net::ERR_CONNECTION_REFUSED at http://localhost:1864/error500
 we will retry rendering this page up to 3 times.Puppeteer error while rendering "/error404"
Error: net::ERR_CONNECTION_REFUSED at http://localhost:1864/error404
 we will retry rendering this page up to 3 times.Puppeteer error while rendering "/about"
Error: net::ERR_CONNECTION_REFUSED at http://localhost:1864/about
 we will retry rendering this page up to 3 times.Puppeteer error while rendering "/error403"
Error: net::ERR_CONNECTION_REFUSED at http://localhost:1864/error403
 we will retry rendering this page up to 3 times.



Puppeteer error while rendering ""
Error: net::ERR_CONNECTION_REFUSED at http://localhost:1864
 we will retry rendering this page up to 3 times.
Puppeteer error while rendering "/work"
Error: net::ERR_CONNECTION_REFUSED at http://localhost:1864/work
 we will retry rendering this page up to 3 times.
Puppeteer error while rendering "/contact"
Error: net::ERR_CONNECTION_REFUSED at http://localhost:1864/contact
 we will retry rendering this page up to 3 times.Puppeteer error while rendering "/login"
Error: net::ERR_CONNECTION_REFUSED at http://localhost:1864/login
 we will retry rendering this page up to 3 times.

Puppeteer error while rendering "/admin"
Error: net::ERR_CONNECTION_REFUSED at http://localhost:1864/admin
 we will retry rendering this page up to 3 times.
Puppeteer error while rendering "/error500"
Error: net::ERR_CONNECTION_REFUSED at http://localhost:1864/error500
 we will retry rendering this page up to 3 times.
Puppeteer error while rendering "/error404"
Error: net::ERR_CONNECTION_REFUSED at http://localhost:1864/error404
 we will retry rendering this page up to 3 times.
Puppeteer error while rendering "/error403"
Error: net::ERR_CONNECTION_REFUSED at http://localhost:1864/error403
 we will retry rendering this page up to 3 times.
Puppeteer error while rendering "/about"
Error: net::ERR_CONNECTION_REFUSED at http://localhost:1864/about
 we will retry rendering this page up to 3 times.
Puppeteer error while rendering ""
Error: net::ERR_CONNECTION_REFUSED at http://localhost:1864
 we will retry rendering this page up to 3 times.Puppeteer error while rendering "/work"
Error: net::ERR_CONNECTION_REFUSED at http://localhost:1864/work
 we will retry rendering this page up to 3 times.

Puppeteer error while rendering "/contact"
Error: net::ERR_CONNECTION_REFUSED at http://localhost:1864/contact
 we will retry rendering this page up to 3 times.
Puppeteer error while rendering "/login"
Error: net::ERR_CONNECTION_REFUSED at http://localhost:1864/login
 we will retry rendering this page up to 3 times.
Puppeteer error while rendering "/admin"
Error: net::ERR_CONNECTION_REFUSED at http://localhost:1864/admin
 we will retry rendering this page up to 3 times.
Puppeteer error while rendering "/error500"
Error: net::ERR_CONNECTION_REFUSED at http://localhost:1864/error500
 we will retry rendering this page up to 3 times.
Puppeteer error while rendering "/error404"
Error: net::ERR_CONNECTION_REFUSED at http://localhost:1864/error404
 we will retry rendering this page up to 3 times.
Puppeteer error while rendering "/error403"
Error: net::ERR_CONNECTION_REFUSED at http://localhost:1864/error403
 we will retry rendering this page up to 3 times.
Puppeteer error while rendering "/about"
Error: net::ERR_CONNECTION_REFUSED at http://localhost:1864/about
 we will retry rendering this page up to 3 times.
Puppeteer error while rendering ""
Error: net::ERR_CONNECTION_REFUSED at http://localhost:1864
 we will retry rendering this page up to 3 times.Puppeteer error while rendering "/work"
Error: net::ERR_CONNECTION_REFUSED at http://localhost:1864/work
 we will retry rendering this page up to 3 times.

Puppeteer error while rendering "/contact"
Error: net::ERR_CONNECTION_REFUSED at http://localhost:1864/contact
 we will retry rendering this page up to 3 times.
Puppeteer error while rendering "/login"
Error: net::ERR_CONNECTION_REFUSED at http://localhost:1864/login
 we will retry rendering this page up to 3 times.Puppeteer error while rendering "/admin"
Error: net::ERR_CONNECTION_REFUSED at http://localhost:1864/admin
 we will retry rendering this page up to 3 times.


      =====================================================================================================
      Config file ".\scully.portfolio.config.ts" not found, only rendering routes without parameters
      The config file should have a name that is formated as:
          scully.<projectName>.config.ts
      where <projectName> is the name of the project as defined in the 'angular.json' file
      If you meant to build a different project as portfolio you can use:
          --project differentProjectName as a cmd line option

      When you are in a mixed mono-repo you might need to use the --pjFirst flag.
       which will look for package.json instead of angular.json to find the 'root' of the project.
    =====================================================================================================
The option outDir isn't configured, using default folder ".\dist\static\". Deprecation Notice:
       ======================================================================
         From now on, the plugin that is being used to render a route is
         able to be changed by the user. You can do this by adding or
         enabling the plugin your scully.portfolio.config.ts
         file. For your convenience, we loaded the Puppeteer plugin for you.

         To disable this warning enable the plugin of your choice.
         for Puppeteer please add:
             import '@scullyio/scully-plugin-puppeteer';
          to your scully.portfolio.config.ts file.

          When you get this warning while not using scully-plugin-puppeteer
          you need to set the defaultRouteRenderer to the name of your plugin.
          The defaultRouteRenderer is now set to 'routeRenderer'.
       ======================================================================No routes defined in ""



----------------------------------   To discover new routes in the angular app use "npx scully --scanRoutes"----------------------------------Using stored unhandled routes!.




      =====================================================================================================
      Config file ".\scully.portfolio.config.ts" not found, only rendering routes without parameters
      The config file should have a name that is formated as:
          scully.<projectName>.config.ts
      where <projectName> is the name of the project as defined in the 'angular.json' file
      If you meant to build a different project as portfolio you can use:
          --project differentProjectName as a cmd line option

      When you are in a mixed mono-repo you might need to use the --pjFirst flag.
       which will look for package.json instead of angular.json to find the 'root' of the project.
    =====================================================================================================
The option outDir isn't configured, using default folder ".\dist\static\".No routes defined in "" Deprecation Notice:
       ======================================================================
         From now on, the plugin that is being used to render a route is
         able to be changed by the user. You can do this by adding or
         enabling the plugin your scully.portfolio.config.ts
         file. For your convenience, we loaded the Puppeteer plugin for you.

         To disable this warning enable the plugin of your choice.
         for Puppeteer please add:
             import '@scullyio/scully-plugin-puppeteer';
          to your scully.portfolio.config.ts file.

          When you get this warning while not using scully-plugin-puppeteer
          you need to set the defaultRouteRenderer to the name of your plugin.
          The defaultRouteRenderer is now set to 'routeRenderer'.
       ======================================================================



----------------------------------Using stored unhandled routes!.   To discover new routes in the angular app use "npx scully --scanRoutes"----------------------------------



Folder "./scully" doesn't seem to contain custom plugins Deprecation Notice:
       ======================================================================
         From now on, the plugin that is being used to render a route is
         able to be changed by the user. You can do this by adding or
         enabling the plugin your scully.portfolio.config.ts
         file. For your convenience, we loaded the Puppeteer plugin for you.

         To disable this warning enable the plugin of your choice.
         for Puppeteer please add:
             import '@scullyio/scully-plugin-puppeteer';
          to your scully.portfolio.config.ts file.

          When you get this warning while not using scully-plugin-puppeteer
          you need to set the defaultRouteRenderer to the name of your plugin.
          The defaultRouteRenderer is now set to 'routeRenderer'.
       ======================================================================

----------------------------------   To discover new routes in the angular app use "npx scully --scanRoutes"Using stored unhandled routes!.----------------------------------



 Deprecation Notice:
       ======================================================================
         From now on, the plugin that is being used to render a route is
         able to be changed by the user. You can do this by adding or
         enabling the plugin your scully.portfolio.config.ts
         file. For your convenience, we loaded the Puppeteer plugin for you.

         To disable this warning enable the plugin of your choice.
         for Puppeteer please add:
             import '@scullyio/scully-plugin-puppeteer';
          to your scully.portfolio.config.ts file.

          When you get this warning while not using scully-plugin-puppeteer
          you need to set the defaultRouteRenderer to the name of your plugin.
          The defaultRouteRenderer is now set to 'routeRenderer'.
       ======================================================================Folder "./scully" doesn't seem to contain custom plugins

----------------------------------   To discover new routes in the angular app use "npx scully --scanRoutes"Using stored unhandled routes!.----------------------------------



Folder "./scully" doesn't seem to contain custom plugins Deprecation Notice:
       ======================================================================
         From now on, the plugin that is being used to render a route is
         able to be changed by the user. You can do this by adding or
         enabling the plugin your scully.portfolio.config.ts
         file. For your convenience, we loaded the Puppeteer plugin for you.

         To disable this warning enable the plugin of your choice.
         for Puppeteer please add:
             import '@scullyio/scully-plugin-puppeteer';
          to your scully.portfolio.config.ts file.

          When you get this warning while not using scully-plugin-puppeteer
          you need to set the defaultRouteRenderer to the name of your plugin.
          The defaultRouteRenderer is now set to 'routeRenderer'.
       ======================================================================

----------------------------------   To discover new routes in the angular app use "npx scully --scanRoutes"----------------------------------Using stored unhandled routes!.



